1663223202035	geckodriver	INFO	Listening on 127.0.0.1:60689
1663223205091	mozrunner::runner	INFO	Running command: "C:\\Program Files\\Mozilla Firefox\\firefox.exe" "--marionette" "--headless" "--disable-gpu" "--disable-extensions" "--remote-debugging-port" "60690" "--remote-allow-hosts" "localhost" "-no-remote" "-profile" "C:\\Users\\tamio\\AppData\\Local\\Temp\\rust_mozprofileK1067z"
*** You are running in headless mode.
1663223206052	Marionette	INFO	Marionette enabled
1663223206061	Marionette	INFO	Listening on port 60700
WebDriver BiDi listening on ws://localhost:60690
Read port: 60700
1663223206263	RemoteAgent	WARN	TLS certificate errors will be ignored for this session
1663223206311	RemoteAgent	INFO	Proxy settings initialised: {"proxyType":"manual","httpProxy":"127.0.0.1:60688","sslProxy":"127.0.0.1:60688"}
[GFX1-]: RenderCompositorSWGL failed mapping default framebuffer, no dt
console.warn: SearchSettings: "get: No settings file exists, new profile?" (new NotFoundError("Could not open the file at C:\\Users\\tamio\\AppData\\Local\\Temp\\rust_mozprofileK1067z\\search.json.mozlz4", (void 0)))
DevTools listening on ws://localhost:60690/devtools/browser/e6b1fba9-2ca5-4f65-bb63-218c3f51425f
1663224758709	geckodriver	INFO	Listening on 127.0.0.1:62691
1663224761769	mozrunner::runner	INFO	Running command: "C:\\Program Files\\Mozilla Firefox\\firefox.exe" "--marionette" "--headless" "--disable-gpu" "--disable-extensions" "--remote-debugging-port" "62692" "--remote-allow-hosts" "localhost" "-no-remote" "-profile" "C:\\Users\\tamio\\AppData\\Local\\Temp\\rust_mozprofileE4lkbX"
*** You are running in headless mode.
1663224762578	Marionette	INFO	Marionette enabled
1663224762586	Marionette	INFO	Listening on port 62701
WebDriver BiDi listening on ws://localhost:62692
Read port: 62701
1663224762714	RemoteAgent	WARN	TLS certificate errors will be ignored for this session
1663224762751	RemoteAgent	INFO	Proxy settings initialised: {"proxyType":"manual","httpProxy":"127.0.0.1:62690","sslProxy":"127.0.0.1:62690"}
[GFX1-]: RenderCompositorSWGL failed mapping default framebuffer, no dt
console.warn: SearchSettings: "get: No settings file exists, new profile?" (new NotFoundError("Could not open the file at C:\\Users\\tamio\\AppData\\Local\\Temp\\rust_mozprofileE4lkbX\\search.json.mozlz4", (void 0)))
DevTools listening on ws://localhost:62692/devtools/browser/b99ceb43-25f3-4477-8fdc-bb7d6e829c7a
[2022-09-15T06:53:08Z ERROR mp4parse] Found 2 nul bytes in "\0\0"
[2022-09-15T06:53:08Z ERROR mp4parse] Found 2 nul bytes in "\0\0"
[2022-09-15T06:53:08Z ERROR mp4parse] Found 2 nul bytes in "\0\0"
[2022-09-15T06:53:08Z ERROR mp4parse] Found 2 nul bytes in "\0\0"
[2022-09-15T06:53:22Z ERROR mp4parse] Found 2 nul bytes in "\0\0"
[2022-09-15T06:53:22Z ERROR mp4parse] Found 2 nul bytes in "\0\0"
[2022-09-15T06:53:22Z ERROR mp4parse] Found 2 nul bytes in "\0\0"
[2022-09-15T06:53:22Z ERROR mp4parse] Found 2 nul bytes in "\0\0"
1663225078694	geckodriver	INFO	Listening on 127.0.0.1:63241
1663225081754	mozrunner::runner	INFO	Running command: "C:\\Program Files\\Mozilla Firefox\\firefox.exe" "--marionette" "--headless" "--disable-gpu" "--disable-extensions" "--remote-debugging-port" "63242" "--remote-allow-hosts" "localhost" "-no-remote" "-profile" "C:\\Users\\tamio\\AppData\\Local\\Temp\\rust_mozprofile8W3u1L"
*** You are running in headless mode.
1663225082485	Marionette	INFO	Marionette enabled
1663225082492	Marionette	INFO	Listening on port 63252
WebDriver BiDi listening on ws://localhost:63242
Read port: 63252
1663225082618	RemoteAgent	WARN	TLS certificate errors will be ignored for this session
1663225082655	RemoteAgent	INFO	Proxy settings initialised: {"proxyType":"manual","httpProxy":"127.0.0.1:63240","sslProxy":"127.0.0.1:63240"}
[GFX1-]: RenderCompositorSWGL failed mapping default framebuffer, no dt
console.warn: SearchSettings: "get: No settings file exists, new profile?" (new NotFoundError("Could not open the file at C:\\Users\\tamio\\AppData\\Local\\Temp\\rust_mozprofile8W3u1L\\search.json.mozlz4", (void 0)))
DevTools listening on ws://localhost:63242/devtools/browser/df7267a4-b6a3-4a05-adcb-7a415e183b3a
[2022-09-15T06:58:36Z ERROR mp4parse] Found 2 nul bytes in "\0\0"
[2022-09-15T06:58:36Z ERROR mp4parse] Found 2 nul bytes in "\0\0"
[2022-09-15T06:58:36Z ERROR mp4parse] Found 2 nul bytes in "\0\0"
[2022-09-15T06:58:36Z ERROR mp4parse] Found 2 nul bytes in "\0\0"
[2022-09-15T06:58:55Z ERROR mp4parse] Found 2 nul bytes in "\0\0"
[2022-09-15T06:58:55Z ERROR mp4parse] Found 2 nul bytes in "\0\0"
[2022-09-15T06:58:55Z ERROR mp4parse] Found 2 nul bytes in "\0\0"
[2022-09-15T06:58:55Z ERROR mp4parse] Found 2 nul bytes in "\0\0"
1663225448515	geckodriver	INFO	Listening on 127.0.0.1:64494
1663225451554	mozrunner::runner	INFO	Running command: "C:\\Program Files\\Mozilla Firefox\\firefox.exe" "--marionette" "--headless" "--disable-gpu" "--disable-extensions" "--remote-debugging-port" "64495" "--remote-allow-hosts" "localhost" "-no-remote" "-profile" "C:\\Users\\tamio\\AppData\\Local\\Temp\\rust_mozprofile3ktEh0"
*** You are running in headless mode.
1663225452402	Marionette	INFO	Marionette enabled
1663225452410	Marionette	INFO	Listening on port 64526
WebDriver BiDi listening on ws://localhost:64495
Read port: 64526
1663225452744	RemoteAgent	WARN	TLS certificate errors will be ignored for this session
1663225452745	RemoteAgent	INFO	Proxy settings initialised: {"proxyType":"manual","httpProxy":"127.0.0.1:64493","sslProxy":"127.0.0.1:64493"}
[GFX1-]: RenderCompositorSWGL failed mapping default framebuffer, no dt
console.warn: SearchSettings: "get: No settings file exists, new profile?" (new NotFoundError("Could not open the file at C:\\Users\\tamio\\AppData\\Local\\Temp\\rust_mozprofile3ktEh0\\search.json.mozlz4", (void 0)))
DevTools listening on ws://localhost:64495/devtools/browser/8779a3b1-bc12-49a9-9219-248643bbe76a
[2022-09-15T07:04:37Z ERROR mp4parse] Found 2 nul bytes in "\0\0"
[2022-09-15T07:04:37Z ERROR mp4parse] Found 2 nul bytes in "\0\0"
[2022-09-15T07:04:37Z ERROR mp4parse] Found 2 nul bytes in "\0\0"
[2022-09-15T07:04:37Z ERROR mp4parse] Found 2 nul bytes in "\0\0"
[2022-09-15T07:04:54Z ERROR mp4parse] Found 2 nul bytes in "\0\0"
[2022-09-15T07:04:54Z ERROR mp4parse] Found 2 nul bytes in "\0\0"
[2022-09-15T07:04:54Z ERROR mp4parse] Found 2 nul bytes in "\0\0"
[2022-09-15T07:04:54Z ERROR mp4parse] Found 2 nul bytes in "\0\0"
1663226708503	geckodriver	INFO	Listening on 127.0.0.1:52621
1663226711589	mozrunner::runner	INFO	Running command: "C:\\Program Files\\Mozilla Firefox\\firefox.exe" "--marionette" "--headless" "--disable-gpu" "--disable-extensions" "--remote-debugging-port" "52622" "--remote-allow-hosts" "localhost" "-no-remote" "-profile" "C:\\Users\\tamio\\AppData\\Local\\Temp\\rust_mozprofileH5na78"
*** You are running in headless mode.
1663226712481	Marionette	INFO	Marionette enabled
1663226712489	Marionette	INFO	Listening on port 52679
WebDriver BiDi listening on ws://localhost:52622
Read port: 52679
1663226712643	RemoteAgent	WARN	TLS certificate errors will be ignored for this session
1663226712732	RemoteAgent	INFO	Proxy settings initialised: {"proxyType":"manual","httpProxy":"127.0.0.1:52620","sslProxy":"127.0.0.1:52620"}
[GFX1-]: RenderCompositorSWGL failed mapping default framebuffer, no dt
console.warn: SearchSettings: "get: No settings file exists, new profile?" (new NotFoundError("Could not open the file at C:\\Users\\tamio\\AppData\\Local\\Temp\\rust_mozprofileH5na78\\search.json.mozlz4", (void 0)))
DevTools listening on ws://localhost:52622/devtools/browser/a772c78a-5018-4e10-ad8a-1ee16b880d28
[2022-09-15T07:25:48Z ERROR mp4parse] Found 2 nul bytes in "\0\0"
[2022-09-15T07:25:48Z ERROR mp4parse] Found 2 nul bytes in "\0\0"
[2022-09-15T07:25:48Z ERROR mp4parse] Found 2 nul bytes in "\0\0"
[2022-09-15T07:25:48Z ERROR mp4parse] Found 2 nul bytes in "\0\0"
[2022-09-15T07:26:10Z ERROR mp4parse] Found 2 nul bytes in "\0\0"
[2022-09-15T07:26:10Z ERROR mp4parse] Found 2 nul bytes in "\0\0"
[2022-09-15T07:26:10Z ERROR mp4parse] Found 2 nul bytes in "\0\0"
[2022-09-15T07:26:10Z ERROR mp4parse] Found 2 nul bytes in "\0\0"
1663227411562	geckodriver	INFO	Listening on 127.0.0.1:57650
1663227414631	mozrunner::runner	INFO	Running command: "C:\\Program Files\\Mozilla Firefox\\firefox.exe" "--marionette" "--headless" "--disable-gpu" "--disable-extensions" "--remote-debugging-port" "57651" "--remote-allow-hosts" "localhost" "-no-remote" "-profile" "C:\\Users\\tamio\\AppData\\Local\\Temp\\rust_mozprofileN3a16k"
*** You are running in headless mode.
1663227415407	Marionette	INFO	Marionette enabled
1663227415414	Marionette	INFO	Listening on port 57674
WebDriver BiDi listening on ws://localhost:57651
Read port: 57674
1663227415573	RemoteAgent	WARN	TLS certificate errors will be ignored for this session
1663227415609	RemoteAgent	INFO	Proxy settings initialised: {"proxyType":"manual","httpProxy":"127.0.0.1:57649","sslProxy":"127.0.0.1:57649"}
[GFX1-]: RenderCompositorSWGL failed mapping default framebuffer, no dt
console.warn: SearchSettings: "get: No settings file exists, new profile?" (new NotFoundError("Could not open the file at C:\\Users\\tamio\\AppData\\Local\\Temp\\rust_mozprofileN3a16k\\search.json.mozlz4", (void 0)))
DevTools listening on ws://localhost:57651/devtools/browser/6457ea77-b352-4525-a946-66c52630fd8a
[2022-09-15T07:37:32Z ERROR mp4parse] Found 2 nul bytes in "\0\0"
[2022-09-15T07:37:32Z ERROR mp4parse] Found 2 nul bytes in "\0\0"
[2022-09-15T07:37:32Z ERROR mp4parse] Found 2 nul bytes in "\0\0"
[2022-09-15T07:37:32Z ERROR mp4parse] Found 2 nul bytes in "\0\0"
1663228314173	geckodriver	INFO	Listening on 127.0.0.1:58468
1663228317215	mozrunner::runner	INFO	Running command: "C:\\Program Files\\Mozilla Firefox\\firefox.exe" "--marionette" "--headless" "--disable-gpu" "--disable-extensions" "--remote-debugging-port" "58469" "--remote-allow-hosts" "localhost" "-no-remote" "-profile" "C:\\Users\\tamio\\AppData\\Local\\Temp\\rust_mozprofileHnEghV"
*** You are running in headless mode.
1663228317924	Marionette	INFO	Marionette enabled
1663228317930	Marionette	INFO	Listening on port 58479
WebDriver BiDi listening on ws://localhost:58469
Read port: 58479
1663228318069	RemoteAgent	WARN	TLS certificate errors will be ignored for this session
1663228318109	RemoteAgent	INFO	Proxy settings initialised: {"proxyType":"manual","httpProxy":"127.0.0.1:58467","sslProxy":"127.0.0.1:58467"}
[GFX1-]: RenderCompositorSWGL failed mapping default framebuffer, no dt
console.warn: SearchSettings: "get: No settings file exists, new profile?" (new NotFoundError("Could not open the file at C:\\Users\\tamio\\AppData\\Local\\Temp\\rust_mozprofileHnEghV\\search.json.mozlz4", (void 0)))
DevTools listening on ws://localhost:58469/devtools/browser/c8985edd-50b2-4059-8e0d-4e909bb02c5a
[2022-09-15T07:52:30Z ERROR mp4parse] Found 2 nul bytes in "\0\0"
[2022-09-15T07:52:30Z ERROR mp4parse] Found 2 nul bytes in "\0\0"
[2022-09-15T07:52:30Z ERROR mp4parse] Found 2 nul bytes in "\0\0"
[2022-09-15T07:52:30Z ERROR mp4parse] Found 2 nul bytes in "\0\0"
[2022-09-15T07:52:48Z ERROR mp4parse] Found 2 nul bytes in "\0\0"
[2022-09-15T07:52:48Z ERROR mp4parse] Found 2 nul bytes in "\0\0"
[2022-09-15T07:52:48Z ERROR mp4parse] Found 2 nul bytes in "\0\0"
[2022-09-15T07:52:48Z ERROR mp4parse] Found 2 nul bytes in "\0\0"
1663228615278	geckodriver	INFO	Listening on 127.0.0.1:59004
1663229574271	geckodriver	INFO	Listening on 127.0.0.1:50662
1663229577332	mozrunner::runner	INFO	Running command: "C:\\Program Files\\Mozilla Firefox\\firefox.exe" "--marionette" "--headless" "--disable-gpu" "--disable-extensions" "--remote-debugging-port" "50663" "--remote-allow-hosts" "localhost" "-no-remote" "-profile" "C:\\Users\\tamio\\AppData\\Local\\Temp\\rust_mozprofileofgVus"
*** You are running in headless mode.
1663229577859	Marionette	INFO	Marionette enabled
1663229577865	Marionette	INFO	Listening on port 50673
WebDriver BiDi listening on ws://localhost:50663
Read port: 50673
1663229577987	RemoteAgent	WARN	TLS certificate errors will be ignored for this session
1663229578026	RemoteAgent	INFO	Proxy settings initialised: {"proxyType":"manual","httpProxy":"127.0.0.1:50661","sslProxy":"127.0.0.1:50661"}
[GFX1-]: RenderCompositorSWGL failed mapping default framebuffer, no dt
console.warn: SearchSettings: "get: No settings file exists, new profile?" (new NotFoundError("Could not open the file at C:\\Users\\tamio\\AppData\\Local\\Temp\\rust_mozprofileofgVus\\search.json.mozlz4", (void 0)))
DevTools listening on ws://localhost:50663/devtools/browser/52bf252a-3584-469e-843c-4cf16dbecbfe
[2022-09-15T08:13:30Z ERROR mp4parse] Found 2 nul bytes in "\0\0"
[2022-09-15T08:13:30Z ERROR mp4parse] Found 2 nul bytes in "\0\0"
[2022-09-15T08:13:30Z ERROR mp4parse] Found 2 nul bytes in "\0\0"
[2022-09-15T08:13:30Z ERROR mp4parse] Found 2 nul bytes in "\0\0"
1663229661567	geckodriver	INFO	Listening on 127.0.0.1:50932
1663229664602	mozrunner::runner	INFO	Running command: "C:\\Program Files\\Mozilla Firefox\\firefox.exe" "--marionette" "--headless" "--disable-gpu" "--disable-extensions" "--remote-debugging-port" "50933" "--remote-allow-hosts" "localhost" "-no-remote" "-profile" "C:\\Users\\tamio\\AppData\\Local\\Temp\\rust_mozprofileSST9kg"
*** You are running in headless mode.
1663229665119	Marionette	INFO	Marionette enabled
1663229665124	Marionette	INFO	Listening on port 50945
WebDriver BiDi listening on ws://localhost:50933
Read port: 50945
1663229665249	RemoteAgent	WARN	TLS certificate errors will be ignored for this session
1663229665288	RemoteAgent	INFO	Proxy settings initialised: {"proxyType":"manual","httpProxy":"127.0.0.1:50931","sslProxy":"127.0.0.1:50931"}
[GFX1-]: RenderCompositorSWGL failed mapping default framebuffer, no dt
console.warn: SearchSettings: "get: No settings file exists, new profile?" (new NotFoundError("Could not open the file at C:\\Users\\tamio\\AppData\\Local\\Temp\\rust_mozprofileSST9kg\\search.json.mozlz4", (void 0)))
DevTools listening on ws://localhost:50933/devtools/browser/8361a407-f7ca-4f34-937f-8416034b7f25
1663229769144	geckodriver	INFO	Listening on 127.0.0.1:51149
1663229772175	mozrunner::runner	INFO	Running command: "C:\\Program Files\\Mozilla Firefox\\firefox.exe" "--marionette" "--headless" "--disable-gpu" "--disable-extensions" "--remote-debugging-port" "51150" "--remote-allow-hosts" "localhost" "-no-remote" "-profile" "C:\\Users\\tamio\\AppData\\Local\\Temp\\rust_mozprofilebMYKp2"
*** You are running in headless mode.
1663229772657	Marionette	INFO	Marionette enabled
1663229772663	Marionette	INFO	Listening on port 51160
WebDriver BiDi listening on ws://localhost:51150
Read port: 51160
1663229772790	RemoteAgent	WARN	TLS certificate errors will be ignored for this session
1663229772827	RemoteAgent	INFO	Proxy settings initialised: {"proxyType":"manual","httpProxy":"127.0.0.1:51148","sslProxy":"127.0.0.1:51148"}
[GFX1-]: RenderCompositorSWGL failed mapping default framebuffer, no dt
console.warn: SearchSettings: "get: No settings file exists, new profile?" (new NotFoundError("Could not open the file at C:\\Users\\tamio\\AppData\\Local\\Temp\\rust_mozprofilebMYKp2\\search.json.mozlz4", (void 0)))
DevTools listening on ws://localhost:51150/devtools/browser/ee03e5f1-8a45-44e6-a0ce-2cf432403e65
[2022-09-15T08:16:48Z ERROR mp4parse] Found 2 nul bytes in "\0\0"
[2022-09-15T08:16:48Z ERROR mp4parse] Found 2 nul bytes in "\0\0"
[2022-09-15T08:16:48Z ERROR mp4parse] Found 2 nul bytes in "\0\0"
[2022-09-15T08:16:48Z ERROR mp4parse] Found 2 nul bytes in "\0\0"
1663253361344	geckodriver	INFO	Listening on 127.0.0.1:52386
1663253364367	mozrunner::runner	INFO	Running command: "C:\\Program Files\\Mozilla Firefox\\firefox.exe" "--marionette" "--headless" "--disable-gpu" "--disable-extensions" "--remote-debugging-port" "52387" "--remote-allow-hosts" "localhost" "-no-remote" "-profile" "C:\\Users\\tamio\\AppData\\Local\\Temp\\rust_mozprofileSGXzWm"
*** You are running in headless mode.
1663253365120	Marionette	INFO	Marionette enabled
1663253365126	Marionette	INFO	Listening on port 52396
WebDriver BiDi listening on ws://localhost:52387
Read port: 52396
1663253365382	RemoteAgent	WARN	TLS certificate errors will be ignored for this session
1663253365417	RemoteAgent	INFO	Proxy settings initialised: {"proxyType":"manual","httpProxy":"127.0.0.1:52385","sslProxy":"127.0.0.1:52385"}
[GFX1-]: RenderCompositorSWGL failed mapping default framebuffer, no dt
console.warn: SearchSettings: "get: No settings file exists, new profile?" (new NotFoundError("Could not open the file at C:\\Users\\tamio\\AppData\\Local\\Temp\\rust_mozprofileSGXzWm\\search.json.mozlz4", (void 0)))
DevTools listening on ws://localhost:52387/devtools/browser/fc2e45b4-91c8-4913-8430-517796f525f2
[2022-09-15T14:49:39Z ERROR mp4parse] Found 2 nul bytes in "\0\0"
[2022-09-15T14:49:39Z ERROR mp4parse] Found 2 nul bytes in "\0\0"
[2022-09-15T14:49:39Z ERROR mp4parse] Found 2 nul bytes in "\0\0"
[2022-09-15T14:49:39Z ERROR mp4parse] Found 2 nul bytes in "\0\0"
JavaScript warning: https://pagead2.googlesyndication.com/bg/FzRNaE_QhYPZ-27qix1HpSAtOqkR84oOHBuoVQeT3D0.js line 2 > eval line 3191 > eval line 1 > eval line 1 > eval, line 1: WEBGL_debug_renderer_info is deprecated in Firefox and will be removed. Please use RENDERER.
JavaScript warning: https://pagead2.googlesyndication.com/bg/FzRNaE_QhYPZ-27qix1HpSAtOqkR84oOHBuoVQeT3D0.js line 2 > eval line 2594 > eval line 1 > eval line 1 > eval, line 1: WEBGL_debug_renderer_info is deprecated in Firefox and will be removed. Please use RENDERER.
JavaScript error: https://www.jnsa.org/js/prototype.js, line 4664: TypeError: element.dispatchEvent is not a function
JavaScript error: https://s.yimg.jp/images/listing/tool/yads/yads-iframe.html?start_prod_num=0&s=28243_295414&fr_id=yads_8778281-0&enc=UTF-8&u=https%3A%2F%2Fs-kita.hatenablog.com%2F&mb=1&pv_ts=1663253580879, line 1: TypeError: window.YJ_YADS is undefined
JavaScript error: https://s.yimg.jp/images/listing/tool/yads/yads-iframe.html?start_prod_num=0&s=97995_295412&fr_id=yads_3136575-0&enc=UTF-8&u=https%3A%2F%2Fs-kita.hatenablog.com%2F&mb=1&pv_ts=1663253580887, line 1: TypeError: window.YJ_YADS is undefined
JavaScript warning: https://pagead2.googlesyndication.com/bg/FzRNaE_QhYPZ-27qix1HpSAtOqkR84oOHBuoVQeT3D0.js line 2 > eval line 5106 > eval line 1 > eval line 1 > eval, line 1: WEBGL_debug_renderer_info is deprecated in Firefox and will be removed. Please use RENDERER.
1663253673438	Marionette	WARN	Ignoring event 'pageshow' because document has an invalid readyState of 'uninitialized'.
JavaScript warning: https://pagead2.googlesyndication.com/bg/FzRNaE_QhYPZ-27qix1HpSAtOqkR84oOHBuoVQeT3D0.js line 2 > eval line 5138 > eval line 1 > eval line 1 > eval, line 1: WEBGL_debug_renderer_info is deprecated in Firefox and will be removed. Please use RENDERER.
JavaScript error: , line 0: AbortError: The operation was aborted. 
JavaScript warning: https://pagead2.googlesyndication.com/bg/FzRNaE_QhYPZ-27qix1HpSAtOqkR84oOHBuoVQeT3D0.js line 2 > eval line 2416 > eval line 1 > eval line 1 > eval, line 1: WEBGL_debug_renderer_info is deprecated in Firefox and will be removed. Please use RENDERER.
JavaScript warning: https://pagead2.googlesyndication.com/bg/FzRNaE_QhYPZ-27qix1HpSAtOqkR84oOHBuoVQeT3D0.js line 2 > eval line 989 > eval line 1 > eval line 1 > eval, line 1: WEBGL_debug_renderer_info is deprecated in Firefox and will be removed. Please use RENDERER.
JavaScript warning: https://pagead2.googlesyndication.com/bg/FzRNaE_QhYPZ-27qix1HpSAtOqkR84oOHBuoVQeT3D0.js line 2 > eval line 6109 > eval line 1 > eval line 1 > eval, line 1: WEBGL_debug_renderer_info is deprecated in Firefox and will be removed. Please use RENDERER.
1663254448538	Marionette	WARN	Ignoring event 'DOMContentLoaded' because document has an invalid readyState of 'complete'.
1663254448637	Marionette	WARN	Ignoring event 'DOMContentLoaded' because document has an invalid readyState of 'complete'.
1663254448786	Marionette	WARN	Ignoring event 'DOMContentLoaded' because document has an invalid readyState of 'complete'.
JavaScript warning: https://pagead2.googlesyndication.com/bg/FzRNaE_QhYPZ-27qix1HpSAtOqkR84oOHBuoVQeT3D0.js line 2 > eval line 1410 > eval line 1 > eval line 1 > eval, line 1: WEBGL_debug_renderer_info is deprecated in Firefox and will be removed. Please use RENDERER.
JavaScript error: https://cdn.blog.st-hatena.com/js/vendor.js?version=25f46db9f9915189bfebbd8e6f6f6a, line 116: uncaught exception: TagError: adsbygoogle.push() error: Only one 'enable_page_level_ads' allowed per page.
JavaScript warning: https://pagead2.googlesyndication.com/bg/FzRNaE_QhYPZ-27qix1HpSAtOqkR84oOHBuoVQeT3D0.js line 2 > eval line 5336 > eval line 1 > eval line 1 > eval, line 1: WEBGL_debug_renderer_info is deprecated in Firefox and will be removed. Please use RENDERER.
JavaScript warning: https://pagead2.googlesyndication.com/bg/FzRNaE_QhYPZ-27qix1HpSAtOqkR84oOHBuoVQeT3D0.js line 2 > eval line 1951 > eval line 1 > eval line 1 > eval, line 1: WEBGL_debug_renderer_info is deprecated in Firefox and will be removed. Please use RENDERER.
console.warn: LoginRecipes: "Falling back to a synchronous message for: https://login.microsoftonline.com."
1663255216009	Marionette	WARN	Ignoring event 'DOMContentLoaded' because document has an invalid readyState of 'complete'.
JavaScript warning: https://assets.msn.com/bundles/v1/bingHomepage/latest/weather-card.56996c03a318f171f596.js, line 5071: WEBGL_debug_renderer_info is deprecated in Firefox and will be removed. Please use RENDERER.
JavaScript warning: https://atmarkit.itmedia.co.jp/js/lib/cx_v2_cce.js?date=202209071120, line 887: unreachable code after return statement
JavaScript warning: https://atmarkit.itmedia.co.jp/include/sc/s_code.js?20170501, line 3: unreachable code after return statement
JavaScript warning: https://atmarkit.itmedia.co.jp/include/sc/s_code.js?20170501, line 3: unreachable code after return statement
JavaScript warning: https://atmarkit.itmedia.co.jp/include/sc/s_code.js?20170501 line 176 > Function, line 3: unreachable code after return statement
JavaScript warning: https://pagead2.googlesyndication.com/bg/FzRNaE_QhYPZ-27qix1HpSAtOqkR84oOHBuoVQeT3D0.js line 2 > eval line 7454 > eval line 1 > eval line 1 > eval, line 1: WEBGL_debug_renderer_info is deprecated in Firefox and will be removed. Please use RENDERER.
JavaScript warning: https://pagead2.googlesyndication.com/bg/FzRNaE_QhYPZ-27qix1HpSAtOqkR84oOHBuoVQeT3D0.js line 2 > eval line 6111 > eval line 1 > eval line 1 > eval, line 1: WEBGL_debug_renderer_info is deprecated in Firefox and will be removed. Please use RENDERER.
JavaScript warning: https://pagead2.googlesyndication.com/bg/FzRNaE_QhYPZ-27qix1HpSAtOqkR84oOHBuoVQeT3D0.js line 2 > eval line 3817 > eval line 1 > eval line 1 > eval, line 1: WEBGL_debug_renderer_info is deprecated in Firefox and will be removed. Please use RENDERER.
JavaScript warning: https://pagead2.googlesyndication.com/bg/FzRNaE_QhYPZ-27qix1HpSAtOqkR84oOHBuoVQeT3D0.js line 2 > eval line 6211 > eval line 1 > eval line 1 > eval, line 1: WEBGL_debug_renderer_info is deprecated in Firefox and will be removed. Please use RENDERER.
JavaScript warning: https://pagead2.googlesyndication.com/bg/FzRNaE_QhYPZ-27qix1HpSAtOqkR84oOHBuoVQeT3D0.js line 2 > eval line 2394 > eval line 1 > eval line 1 > eval, line 1: WEBGL_debug_renderer_info is deprecated in Firefox and will be removed. Please use RENDERER.
JavaScript warning: https://pagead2.googlesyndication.com/bg/FzRNaE_QhYPZ-27qix1HpSAtOqkR84oOHBuoVQeT3D0.js line 2 > eval line 4300 > eval line 1 > eval line 1 > eval, line 1: WEBGL_debug_renderer_info is deprecated in Firefox and will be removed. Please use RENDERER.
JavaScript error: , line 0: TypeError: NetworkError when attempting to fetch resource.
JavaScript error: , line 0: TypeError: NetworkError when attempting to fetch resource.
JavaScript error: , line 0: TypeError: NetworkError when attempting to fetch resource.
JavaScript error: , line 0: TypeError: NetworkError when attempting to fetch resource.
JavaScript error: , line 0: TypeError: NetworkError when attempting to fetch resource.
JavaScript error: , line 0: TypeError: NetworkError when attempting to fetch resource.
JavaScript error: , line 0: TypeError: NetworkError when attempting to fetch resource.
JavaScript error: https://www.watch.impress.co.jp/, line 793: ReferenceError: $ is not defined
JavaScript warning: https://pagead2.googlesyndication.com/bg/FzRNaE_QhYPZ-27qix1HpSAtOqkR84oOHBuoVQeT3D0.js line 2 > eval line 5623 > eval line 1 > eval line 1 > eval, line 1: WEBGL_debug_renderer_info is deprecated in Firefox and will be removed. Please use RENDERER.
JavaScript warning: https://pagead2.googlesyndication.com/bg/FzRNaE_QhYPZ-27qix1HpSAtOqkR84oOHBuoVQeT3D0.js line 2 > eval line 7242 > eval line 1 > eval line 1 > eval, line 1: WEBGL_debug_renderer_info is deprecated in Firefox and will be removed. Please use RENDERER.
JavaScript error: , line 0: TypeError: NetworkError when attempting to fetch resource.
JavaScript error: , line 0: TypeError: NetworkError when attempting to fetch resource.
JavaScript error: , line 0: TypeError: NetworkError when attempting to fetch resource.
JavaScript warning: https://pagead2.googlesyndication.com/bg/FzRNaE_QhYPZ-27qix1HpSAtOqkR84oOHBuoVQeT3D0.js line 2 > eval line 605 > eval line 1 > eval line 1 > eval, line 1: WEBGL_debug_renderer_info is deprecated in Firefox and will be removed. Please use RENDERER.
JavaScript warning: https://pagead2.googlesyndication.com/bg/FzRNaE_QhYPZ-27qix1HpSAtOqkR84oOHBuoVQeT3D0.js line 2 > eval line 6533 > eval line 1 > eval line 1 > eval, line 1: WEBGL_debug_renderer_info is deprecated in Firefox and will be removed. Please use RENDERER.
JavaScript warning: https://pagead2.googlesyndication.com/bg/FzRNaE_QhYPZ-27qix1HpSAtOqkR84oOHBuoVQeT3D0.js line 2 > eval line 6643 > eval line 1 > eval line 1 > eval, line 1: WEBGL_debug_renderer_info is deprecated in Firefox and will be removed. Please use RENDERER.
JavaScript warning: https://pagead2.googlesyndication.com/bg/FzRNaE_QhYPZ-27qix1HpSAtOqkR84oOHBuoVQeT3D0.js line 2 > eval line 6569 > eval line 1 > eval line 1 > eval, line 1: WEBGL_debug_renderer_info is deprecated in Firefox and will be removed. Please use RENDERER.
JavaScript warning: https://pagead2.googlesyndication.com/bg/FzRNaE_QhYPZ-27qix1HpSAtOqkR84oOHBuoVQeT3D0.js line 2 > eval line 7373 > eval line 1 > eval line 1 > eval, line 1: WEBGL_debug_renderer_info is deprecated in Firefox and will be removed. Please use RENDERER.
JavaScript error: , line 0: TypeError: NetworkError when attempting to fetch resource.
JavaScript error: , line 0: TypeError: NetworkError when attempting to fetch resource.
JavaScript error: , line 0: TypeError: NetworkError when attempting to fetch resource.
JavaScript error: , line 0: TypeError: NetworkError when attempting to fetch resource.
JavaScript error: , line 0: TypeError: NetworkError when attempting to fetch resource.
JavaScript error: , line 0: TypeError: NetworkError when attempting to fetch resource.
JavaScript warning: https://pagead2.googlesyndication.com/bg/FzRNaE_QhYPZ-27qix1HpSAtOqkR84oOHBuoVQeT3D0.js line 2 > eval line 5102 > eval line 1 > eval line 1 > eval, line 1: WEBGL_debug_renderer_info is deprecated in Firefox and will be removed. Please use RENDERER.
JavaScript warning: https://pagead2.googlesyndication.com/bg/FzRNaE_QhYPZ-27qix1HpSAtOqkR84oOHBuoVQeT3D0.js line 2 > eval line 7514 > eval line 1 > eval line 1 > eval, line 1: WEBGL_debug_renderer_info is deprecated in Firefox and will be removed. Please use RENDERER.
JavaScript warning: https://pagead2.googlesyndication.com/bg/FzRNaE_QhYPZ-27qix1HpSAtOqkR84oOHBuoVQeT3D0.js line 2 > eval line 4178 > eval line 1 > eval line 1 > eval, line 1: WEBGL_debug_renderer_info is deprecated in Firefox and will be removed. Please use RENDERER.
JavaScript error: , line 0: TypeError: NetworkError when attempting to fetch resource.
JavaScript error: , line 0: TypeError: NetworkError when attempting to fetch resource.
JavaScript error: , line 0: TypeError: NetworkError when attempting to fetch resource.
JavaScript error: , line 0: TypeError: NetworkError when attempting to fetch resource.
JavaScript error: , line 0: TypeError: NetworkError when attempting to fetch resource.
JavaScript error: , line 0: TypeError: NetworkError when attempting to fetch resource.
JavaScript error: , line 0: TypeError: NetworkError when attempting to fetch resource.
JavaScript warning: https://api.popin.cc/searchbox/impress_infeed.js, line 2: unreachable code after return statement
JavaScript warning: https://pagead2.googlesyndication.com/bg/FzRNaE_QhYPZ-27qix1HpSAtOqkR84oOHBuoVQeT3D0.js line 2 > eval line 4593 > eval line 1 > eval line 1 > eval, line 1: WEBGL_debug_renderer_info is deprecated in Firefox and will be removed. Please use RENDERER.
JavaScript error: , line 0: TypeError: NetworkError when attempting to fetch resource.
JavaScript error: , line 0: TypeError: NetworkError when attempting to fetch resource.
JavaScript error: , line 0: TypeError: NetworkError when attempting to fetch resource.
JavaScript warning: https://pagead2.googlesyndication.com/bg/FzRNaE_QhYPZ-27qix1HpSAtOqkR84oOHBuoVQeT3D0.js line 2 > eval line 5263 > eval line 1 > eval line 1 > eval, line 1: WEBGL_debug_renderer_info is deprecated in Firefox and will be removed. Please use RENDERER.
JavaScript error: , line 0: TypeError: NetworkError when attempting to fetch resource.
JavaScript error: , line 0: TypeError: NetworkError when attempting to fetch resource.
JavaScript error: , line 0: TypeError: NetworkError when attempting to fetch resource.
JavaScript error: , line 0: TypeError: NetworkError when attempting to fetch resource.
JavaScript error: , line 0: TypeError: NetworkError when attempting to fetch resource.
JavaScript error: , line 0: TypeError: NetworkError when attempting to fetch resource.
JavaScript warning: https://pagead2.googlesyndication.com/bg/FzRNaE_QhYPZ-27qix1HpSAtOqkR84oOHBuoVQeT3D0.js line 2 > eval line 520 > eval line 1 > eval line 1 > eval, line 1: WEBGL_debug_renderer_info is deprecated in Firefox and will be removed. Please use RENDERER.
JavaScript warning: https://invocation.cheqzone.com/placement_invocation?id=105404&idx=0, line 1: WEBGL_debug_renderer_info is deprecated in Firefox and will be removed. Please use RENDERER.
JavaScript warning: https://pagead2.googlesyndication.com/bg/FzRNaE_QhYPZ-27qix1HpSAtOqkR84oOHBuoVQeT3D0.js line 2 > eval line 446 > eval line 1 > eval line 1 > eval, line 1: WEBGL_debug_renderer_info is deprecated in Firefox and will be removed. Please use RENDERER.
JavaScript error: , line 0: TypeError: NetworkError when attempting to fetch resource.
JavaScript error: , line 0: TypeError: NetworkError when attempting to fetch resource.
JavaScript error: , line 0: TypeError: NetworkError when attempting to fetch resource.
JavaScript error: , line 0: TypeError: NetworkError when attempting to fetch resource.
JavaScript error: , line 0: TypeError: NetworkError when attempting to fetch resource.
JavaScript error: , line 0: TypeError: NetworkError when attempting to fetch resource.
JavaScript error: , line 0: TypeError: NetworkError when attempting to fetch resource.
JavaScript error: https://k-tai.watch.impress.co.jp/, line 8: SyntaxError: unexpected token: identifier
JavaScript warning: https://pagead2.googlesyndication.com/bg/FzRNaE_QhYPZ-27qix1HpSAtOqkR84oOHBuoVQeT3D0.js line 2 > eval line 647 > eval line 1 > eval line 1 > eval, line 1: WEBGL_debug_renderer_info is deprecated in Firefox and will be removed. Please use RENDERER.
JavaScript error: , line 0: TypeError: NetworkError when attempting to fetch resource.
JavaScript error: , line 0: TypeError: NetworkError when attempting to fetch resource.
JavaScript error: , line 0: TypeError: NetworkError when attempting to fetch resource.
JavaScript error: , line 0: TypeError: NetworkError when attempting to fetch resource.
JavaScript error: , line 0: TypeError: NetworkError when attempting to fetch resource.
JavaScript error: , line 0: TypeError: NetworkError when attempting to fetch resource.
JavaScript error: , line 0: TypeError: NetworkError when attempting to fetch resource.
JavaScript error: , line 0: TypeError: NetworkError when attempting to fetch resource.
JavaScript error: , line 0: TypeError: NetworkError when attempting to fetch resource.
JavaScript warning: https://pagead2.googlesyndication.com/bg/FzRNaE_QhYPZ-27qix1HpSAtOqkR84oOHBuoVQeT3D0.js line 2 > eval line 1470 > eval line 1 > eval line 1 > eval, line 1: WEBGL_debug_renderer_info is deprecated in Firefox and will be removed. Please use RENDERER.
JavaScript warning: https://pagead2.googlesyndication.com/bg/FzRNaE_QhYPZ-27qix1HpSAtOqkR84oOHBuoVQeT3D0.js line 2 > eval line 467 > eval line 1 > eval line 1 > eval, line 1: WEBGL_debug_renderer_info is deprecated in Firefox and will be removed. Please use RENDERER.
JavaScript error: , line 0: uncaught exception: 7
JavaScript warning: https://pagead2.googlesyndication.com/bg/FzRNaE_QhYPZ-27qix1HpSAtOqkR84oOHBuoVQeT3D0.js line 2 > eval line 1470 > eval line 1 > eval line 1 > eval, line 1: WEBGL_debug_renderer_info is deprecated in Firefox and will be removed. Please use RENDERER.
JavaScript error: , line 0: TypeError: NetworkError when attempting to fetch resource.
JavaScript error: , line 0: TypeError: NetworkError when attempting to fetch resource.
JavaScript error: , line 0: TypeError: NetworkError when attempting to fetch resource.
JavaScript error: , line 0: TypeError: NetworkError when attempting to fetch resource.
JavaScript error: , line 0: TypeError: NetworkError when attempting to fetch resource.
JavaScript error: , line 0: TypeError: NetworkError when attempting to fetch resource.
JavaScript error: , line 0: TypeError: NetworkError when attempting to fetch resource.
JavaScript error: , line 0: TypeError: NetworkError when attempting to fetch resource.
JavaScript error: , line 0: TypeError: NetworkError when attempting to fetch resource.
JavaScript error: , line 0: TypeError: NetworkError when attempting to fetch resource.
JavaScript warning: https://api.popin.cc/searchbox/impress_infeed.js, line 2: unreachable code after return statement
JavaScript warning: https://pagead2.googlesyndication.com/bg/FzRNaE_QhYPZ-27qix1HpSAtOqkR84oOHBuoVQeT3D0.js line 2 > eval line 2518 > eval line 1 > eval line 1 > eval, line 1: WEBGL_debug_renderer_info is deprecated in Firefox and will be removed. Please use RENDERER.
JavaScript error: , line 0: TypeError: NetworkError when attempting to fetch resource.
JavaScript error: , line 0: TypeError: NetworkError when attempting to fetch resource.
JavaScript error: , line 0: TypeError: NetworkError when attempting to fetch resource.
JavaScript warning: https://pagead2.googlesyndication.com/bg/FzRNaE_QhYPZ-27qix1HpSAtOqkR84oOHBuoVQeT3D0.js line 2 > eval line 7596 > eval line 1 > eval line 1 > eval, line 1: WEBGL_debug_renderer_info is deprecated in Firefox and will be removed. Please use RENDERER.
JavaScript error: , line 0: TypeError: NetworkError when attempting to fetch resource.
JavaScript error: , line 0: TypeError: NetworkError when attempting to fetch resource.
JavaScript error: , line 0: TypeError: NetworkError when attempting to fetch resource.
JavaScript error: , line 0: TypeError: NetworkError when attempting to fetch resource.
JavaScript error: , line 0: TypeError: NetworkError when attempting to fetch resource.
JavaScript error: , line 0: TypeError: NetworkError when attempting to fetch resource.
JavaScript error: , line 0: TypeError: NetworkError when attempting to fetch resource.
JavaScript error: , line 0: TypeError: NetworkError when attempting to fetch resource.
JavaScript warning: https://pagead2.googlesyndication.com/bg/FzRNaE_QhYPZ-27qix1HpSAtOqkR84oOHBuoVQeT3D0.js line 2 > eval line 5617 > eval line 1 > eval line 1 > eval, line 1: WEBGL_debug_renderer_info is deprecated in Firefox and will be removed. Please use RENDERER.
JavaScript warning: https://pagead2.googlesyndication.com/bg/FzRNaE_QhYPZ-27qix1HpSAtOqkR84oOHBuoVQeT3D0.js line 2 > eval line 6992 > eval line 1 > eval line 1 > eval, line 1: WEBGL_debug_renderer_info is deprecated in Firefox and will be removed. Please use RENDERER.
JavaScript error: , line 0: TypeError: NetworkError when attempting to fetch resource.
JavaScript error: , line 0: TypeError: NetworkError when attempting to fetch resource.
JavaScript error: , line 0: TypeError: NetworkError when attempting to fetch resource.
JavaScript error: , line 0: TypeError: NetworkError when attempting to fetch resource.
JavaScript warning: https://pagead2.googlesyndication.com/bg/OdDKsMxR2L_jTiLQalWX8qaF4EOl3zhymuRIoesSTkk.js line 2 > eval line 3636 > eval line 1 > eval line 1 > eval, line 1: WEBGL_debug_renderer_info is deprecated in Firefox and will be removed. Please use RENDERER.
JavaScript warning: https://pagead2.googlesyndication.com/bg/OdDKsMxR2L_jTiLQalWX8qaF4EOl3zhymuRIoesSTkk.js line 2 > eval line 4035 > eval line 1 > eval line 1 > eval, line 1: WEBGL_debug_renderer_info is deprecated in Firefox and will be removed. Please use RENDERER.
JavaScript warning: https://invocation.cheqzone.com/placement_invocation?id=105408&idx=0, line 1: WEBGL_debug_renderer_info is deprecated in Firefox and will be removed. Please use RENDERER.
JavaScript error: , line 0: uncaught exception: 7
JavaScript error: , line 0: TypeError: NetworkError when attempting to fetch resource.
JavaScript error: , line 0: TypeError: NetworkError when attempting to fetch resource.
JavaScript error: , line 0: TypeError: NetworkError when attempting to fetch resource.
JavaScript error: , line 0: TypeError: NetworkError when attempting to fetch resource.
JavaScript error: , line 0: TypeError: NetworkError when attempting to fetch resource.
JavaScript error: , line 0: TypeError: NetworkError when attempting to fetch resource.
JavaScript warning: https://pagead2.googlesyndication.com/bg/OdDKsMxR2L_jTiLQalWX8qaF4EOl3zhymuRIoesSTkk.js line 2 > eval line 7722 > eval line 1 > eval line 1 > eval, line 1: WEBGL_debug_renderer_info is deprecated in Firefox and will be removed. Please use RENDERER.
JavaScript warning: https://pagead2.googlesyndication.com/bg/OdDKsMxR2L_jTiLQalWX8qaF4EOl3zhymuRIoesSTkk.js line 2 > eval line 6337 > eval line 1 > eval line 1 > eval, line 1: WEBGL_debug_renderer_info is deprecated in Firefox and will be removed. Please use RENDERER.
JavaScript error: , line 0: TypeError: NetworkError when attempting to fetch resource.
JavaScript error: , line 0: TypeError: NetworkError when attempting to fetch resource.
JavaScript error: , line 0: TypeError: NetworkError when attempting to fetch resource.
JavaScript error: , line 0: TypeError: NetworkError when attempting to fetch resource.
JavaScript error: , line 0: TypeError: NetworkError when attempting to fetch resource.
JavaScript warning: https://api.popin.cc/searchbox/impress_infeed.js, line 2: unreachable code after return statement
JavaScript warning: https://pagead2.googlesyndication.com/bg/OdDKsMxR2L_jTiLQalWX8qaF4EOl3zhymuRIoesSTkk.js line 2 > eval line 6615 > eval line 1 > eval line 1 > eval, line 1: WEBGL_debug_renderer_info is deprecated in Firefox and will be removed. Please use RENDERER.
JavaScript warning: https://api.popin.cc/searchbox/impress_infeed.js, line 2: unreachable code after return statement
JavaScript warning: https://pagead2.googlesyndication.com/bg/OdDKsMxR2L_jTiLQalWX8qaF4EOl3zhymuRIoesSTkk.js line 2 > eval line 4876 > eval line 1 > eval line 1 > eval, line 1: WEBGL_debug_renderer_info is deprecated in Firefox and will be removed. Please use RENDERER.
JavaScript error: , line 0: TypeError: NetworkError when attempting to fetch resource.
JavaScript error: , line 0: TypeError: NetworkError when attempting to fetch resource.
JavaScript error: , line 0: TypeError: NetworkError when attempting to fetch resource.
JavaScript error: , line 0: TypeError: NetworkError when attempting to fetch resource.
JavaScript warning: https://invocation.cheqzone.com/placement_invocation?id=105404&idx=0, line 1: WEBGL_debug_renderer_info is deprecated in Firefox and will be removed. Please use RENDERER.
JavaScript warning: https://pagead2.googlesyndication.com/bg/OdDKsMxR2L_jTiLQalWX8qaF4EOl3zhymuRIoesSTkk.js line 2 > eval line 4166 > eval line 1 > eval line 1 > eval, line 1: WEBGL_debug_renderer_info is deprecated in Firefox and will be removed. Please use RENDERER.
JavaScript error: , line 0: TypeError: NetworkError when attempting to fetch resource.
JavaScript error: , line 0: TypeError: NetworkError when attempting to fetch resource.
JavaScript error: , line 0: TypeError: NetworkError when attempting to fetch resource.
JavaScript error: , line 0: TypeError: NetworkError when attempting to fetch resource.
JavaScript error: , line 0: TypeError: NetworkError when attempting to fetch resource.
JavaScript error: , line 0: TypeError: NetworkError when attempting to fetch resource.
JavaScript error: , line 0: TypeError: NetworkError when attempting to fetch resource.
JavaScript warning: https://pagead2.googlesyndication.com/bg/OdDKsMxR2L_jTiLQalWX8qaF4EOl3zhymuRIoesSTkk.js line 2 > eval line 596 > eval line 1 > eval line 1 > eval, line 1: WEBGL_debug_renderer_info is deprecated in Firefox and will be removed. Please use RENDERER.
JavaScript warning: https://pagead2.googlesyndication.com/bg/OdDKsMxR2L_jTiLQalWX8qaF4EOl3zhymuRIoesSTkk.js line 2 > eval line 4312 > eval line 1 > eval line 1 > eval, line 1: WEBGL_debug_renderer_info is deprecated in Firefox and will be removed. Please use RENDERER.
JavaScript error: , line 0: TypeError: NetworkError when attempting to fetch resource.
JavaScript error: , line 0: TypeError: NetworkError when attempting to fetch resource.
JavaScript error: , line 0: TypeError: NetworkError when attempting to fetch resource.
JavaScript error: , line 0: TypeError: NetworkError when attempting to fetch resource.
JavaScript error: , line 0: TypeError: NetworkError when attempting to fetch resource.
JavaScript error: , line 0: TypeError: NetworkError when attempting to fetch resource.
JavaScript error: , line 0: TypeError: NetworkError when attempting to fetch resource.
JavaScript warning: https://pagead2.googlesyndication.com/bg/OdDKsMxR2L_jTiLQalWX8qaF4EOl3zhymuRIoesSTkk.js line 2 > eval line 5790 > eval line 1 > eval line 1 > eval, line 1: WEBGL_debug_renderer_info is deprecated in Firefox and will be removed. Please use RENDERER.
JavaScript error: , line 0: TypeError: NetworkError when attempting to fetch resource.
JavaScript error: , line 0: TypeError: NetworkError when attempting to fetch resource.
JavaScript error: , line 0: TypeError: NetworkError when attempting to fetch resource.
JavaScript error: , line 0: TypeError: NetworkError when attempting to fetch resource.
JavaScript error: , line 0: TypeError: NetworkError when attempting to fetch resource.
JavaScript error: , line 0: TypeError: NetworkError when attempting to fetch resource.
JavaScript error: , line 0: TypeError: NetworkError when attempting to fetch resource.
JavaScript error: , line 0: TypeError: NetworkError when attempting to fetch resource.
JavaScript error: , line 0: TypeError: NetworkError when attempting to fetch resource.
JavaScript error: , line 0: TypeError: NetworkError when attempting to fetch resource.
JavaScript error: , line 0: TypeError: NetworkError when attempting to fetch resource.
JavaScript error: , line 0: TypeError: NetworkError when attempting to fetch resource.
JavaScript error: , line 0: TypeError: NetworkError when attempting to fetch resource.
JavaScript error: , line 0: TypeError: NetworkError when attempting to fetch resource.
JavaScript error: , line 0: TypeError: NetworkError when attempting to fetch resource.
JavaScript error: , line 0: TypeError: NetworkError when attempting to fetch resource.
JavaScript error: , line 0: TypeError: NetworkError when attempting to fetch resource.
JavaScript warning: https://ajax.googleapis.com/ajax/libs/jquery/2.0.3/jquery.min.js, line 2: Using //@ to indicate sourceMappingURL pragmas is deprecated. Use //# instead
JavaScript error: https://engineers.ntt.com/, line 193: TypeError: $(...).offset() is undefined
JavaScript warning: https://ajax.googleapis.com/ajax/libs/jquery/2.0.3/jquery.min.js, line 2: Using //@ to indicate sourceMappingURL pragmas is deprecated. Use //# instead
JavaScript warning: https://www.softbanktech.co.jp/_Incapsula_Resource?SWJIYLWA=719d34d31c8e3a6e6fffd425f7e032f3&ns=1&cb=1476898072, line 1: unreachable code after return statement
JavaScript warning: https://www.softbanktech.co.jp/_Incapsula_Resource?SWJIYLWA=719d34d31c8e3a6e6fffd425f7e032f3&ns=1&cb=1476898072, line 1: unreachable code after return statement
JavaScript warning: https://www.softbanktech.co.jp/_Incapsula_Resource?SWJIYLWA=719d34d31c8e3a6e6fffd425f7e032f3&ns=1&cb=1476898072, line 1: unreachable code after return statement
JavaScript warning: https://www.softbanktech.co.jp/_Incapsula_Resource?SWJIYLWA=719d34d31c8e3a6e6fffd425f7e032f3&ns=1&cb=1476898072 line 1 > eval, line 1: unreachable code after return statement
JavaScript warning: https://www.softbanktech.co.jp/_Incapsula_Resource?SWJIYLWA=719d34d31c8e3a6e6fffd425f7e032f3&ns=1&cb=1476898072 line 1 > eval, line 1: unreachable code after return statement
JavaScript error: resource://gre/modules/LoginManagerChild.jsm, line 113: NS_NOINTERFACE: Component returned failure code: 0x80004002 (NS_NOINTERFACE) [nsIWebProgress.DOMWindow]
JavaScript warning: https://pagead2.googlesyndication.com/bg/OdDKsMxR2L_jTiLQalWX8qaF4EOl3zhymuRIoesSTkk.js line 2 > eval line 7463 > eval line 1 > eval line 1 > eval, line 1: WEBGL_debug_renderer_info is deprecated in Firefox and will be removed. Please use RENDERER.
JavaScript error: , line 0: TypeError: NetworkError when attempting to fetch resource.
JavaScript error: , line 0: TypeError: NetworkError when attempting to fetch resource.
JavaScript error: , line 0: TypeError: NetworkError when attempting to fetch resource.
JavaScript error: , line 0: TypeError: NetworkError when attempting to fetch resource.
JavaScript error: , line 0: TypeError: NetworkError when attempting to fetch resource.
JavaScript error: , line 0: TypeError: NetworkError when attempting to fetch resource.
JavaScript error: , line 0: TypeError: NetworkError when attempting to fetch resource.
JavaScript error: , line 0: TypeError: NetworkError when attempting to fetch resource.
JavaScript error: , line 0: TypeError: NetworkError when attempting to fetch resource.
JavaScript error: , line 0: TypeError: NetworkError when attempting to fetch resource.
JavaScript error: https://d1eu30co0ohy4w.cloudfront.net/assets/player-d0dcbabb3c13650d2dee.js, line 1: SecurityError: Permission denied to access property "document" on cross-origin object
JavaScript error: https://d1eu30co0ohy4w.cloudfront.net/assets/player-d0dcbabb3c13650d2dee.js, line 1: SecurityError: Permission denied to access property "document" on cross-origin object
JavaScript error: https://d1eu30co0ohy4w.cloudfront.net/assets/player-d0dcbabb3c13650d2dee.js, line 1: SecurityError: Permission denied to access property "document" on cross-origin object
JavaScript error: https://d1eu30co0ohy4w.cloudfront.net/assets/player-d0dcbabb3c13650d2dee.js, line 1: SecurityError: Permission denied to access property "document" on cross-origin object
JavaScript error: https://d1eu30co0ohy4w.cloudfront.net/assets/player-d0dcbabb3c13650d2dee.js, line 1: SecurityError: Permission denied to access property "document" on cross-origin object
JavaScript error: https://www.google.com/jsapi, line 150: Error: Must call google.charts.load before google.charts.setOnLoadCallback
JavaScript error: https://paiza.hatenablog.com/, line 1962: ReferenceError: categryHierarchyModule is not defined
JavaScript error: https://d1eu30co0ohy4w.cloudfront.net/assets/player-d0dcbabb3c13650d2dee.js, line 1: SecurityError: Permission denied to access property "document" on cross-origin object
JavaScript warning: https://ob.cheqzone.com/clicktrue_invocation.js?id=12824, line 1: WEBGL_debug_renderer_info is deprecated in Firefox and will be removed. Please use RENDERER.
JavaScript error: http://www.uqwimax.jp/ line 517 > injectedScript, line 1: ReferenceError: jQuery is not defined
JavaScript error: http://www.uqwimax.jp/ line 517 > injectedScript, line 4: ReferenceError: exitScroll is not defined
JavaScript error: resource://gre/modules/LoginManagerChild.jsm, line 113: NS_NOINTERFACE: Component returned failure code: 0x80004002 (NS_NOINTERFACE) [nsIWebProgress.DOMWindow]
JavaScript warning: https://www.subaru.jp/common/js/jquery-1.9.1.min.js, line 2: Using //@ to indicate sourceMappingURL pragmas is deprecated. Use //# instead
JavaScript warning: https://www.subaru.jp/sc-common/Iframe/js/jquery-1.10.2.min.js, line 2: Using //@ to indicate sourceMappingURL pragmas is deprecated. Use //# instead
JavaScript error: https://www.googletagmanager.com/gtm.js?id=GTM-KWGCSS, line 35: uncaught exception: [object Object]
JavaScript error: https://www.subaru.jp/ line 484 > injectedScript, line 1: ReferenceError: gtag is not defined
JavaScript error: https://www.subaru.jp/sc-common/Iframe/js/carlineup-iframe.js, line 12: ReferenceError: xmlUrl is not defined
JavaScript error: https://www.family.co.jp/etc/designs/family/component/libs/js/slick.min.js, line 17: TypeError: b.$slides is null
JavaScript warning: https://www.bridgestone.co.jp/common/js/framework_rw.js, line 74: unreachable code after return statement
JavaScript error: https://www.bridgestone.co.jp/indexJs/top.js, line 469: TypeError: $(...).matchHeight is not a function
1663276090295	Marionette	WARN	Ignoring event 'pageshow' because document has an invalid readyState of 'uninitialized'.
JavaScript warning: https://www.mitsui.com/common/js/libs/jquery-1.10.1.min.js, line 2: Using //@ to indicate sourceMappingURL pragmas is deprecated. Use //# instead
JavaScript error: https://www.ms-ins.com/shared/js/faq.js, line 13: TypeError: MutationObserver.observe: Argument 1 is not an object.
JavaScript error: https://s4.docomo-analytics.com/dcm/js/union.js, line 30: TypeError: Za[g] is undefined
JavaScript error: https://www.youtube.com/embed/VKa3wKSaojc?cc_load_policy=1&rel=0&wmode=transparent, line 7: ReferenceError: writeEmbed is not defined
JavaScript warning: https://pagead2.googlesyndication.com/bg/OdDKsMxR2L_jTiLQalWX8qaF4EOl3zhymuRIoesSTkk.js line 2 > eval line 4045 > eval line 1 > eval line 1 > eval, line 1: WEBGL_debug_renderer_info is deprecated in Firefox and will be removed. Please use RENDERER.
JavaScript warning: https://www.nissay.co.jp/shared/js/jquery.js, line 19: unreachable code after return statement
JavaScript warning: https://www.nissay.co.jp/_Incapsula_Resource?SWJIYLWA=719d34d31c8e3a6e6fffd425f7e032f3&ns=1&cb=204404310, line 1: unreachable code after return statement
JavaScript warning: https://www.nissay.co.jp/_Incapsula_Resource?SWJIYLWA=719d34d31c8e3a6e6fffd425f7e032f3&ns=1&cb=204404310, line 1: unreachable code after return statement
JavaScript warning: https://www.nissay.co.jp/_Incapsula_Resource?SWJIYLWA=719d34d31c8e3a6e6fffd425f7e032f3&ns=1&cb=204404310, line 1: unreachable code after return statement
JavaScript warning: https://www.nissay.co.jp/_Incapsula_Resource?SWJIYLWA=719d34d31c8e3a6e6fffd425f7e032f3&ns=1&cb=204404310 line 1 > eval, line 1: unreachable code after return statement
JavaScript warning: https://www.nissay.co.jp/_Incapsula_Resource?SWJIYLWA=719d34d31c8e3a6e6fffd425f7e032f3&ns=1&cb=204404310 line 1 > eval, line 1: unreachable code after return statement
JavaScript error: https://www.nissay.co.jp/shared/js/run.js, line 175: TypeError: $(...).quickSearch is not a function
JavaScript error: https://www.nissay.co.jp/ line 494 > injectedScript, line 1: ReferenceError: gtag is not defined
JavaScript warning: https://ajax.googleapis.com/ajax/libs/jquery/2.0.3/jquery.min.js, line 2: Using //@ to indicate sourceMappingURL pragmas is deprecated. Use //# instead
JavaScript error: , line 0: AbortError: The operation was aborted. 
JavaScript warning: https://rsv.dga.jp/s/asahi_k/i_search_assist_n2.js, line 186: unreachable code after return statement
JavaScript warning: https://assets.adobedtm.com/d089f5ba7014/5b92fbb22a77/launch-afeef3d492a0.min.js, line 2: WEBGL_debug_renderer_info is deprecated in Firefox and will be removed. Please use RENDERER.
JavaScript warning: https://www.jal.co.jp/xHEwas/s7A/Htw/phIAEbwY/3puLkkmc1c/Rz9EDlMEJRE/GzY/DcC4HVD4B, line 1: unreachable code after return statement
JavaScript warning: https://www.jal.co.jp/xHEwas/s7A/Htw/phIAEbwY/3puLkkmc1c/Rz9EDlMEJRE/GzY/DcC4HVD4B, line 1: WEBGL_debug_renderer_info is deprecated in Firefox and will be removed. Please use RENDERER.
JavaScript warning: https://www.jal.co.jp/xHEwas/s7A/Htw/phIAEbwY/3puLkkmc1c/Rz9EDlMEJRE/GzY/DcC4HVD4B, line 1: WEBGL_debug_renderer_info is deprecated in Firefox and will be removed. Please use RENDERER.
JavaScript error: https://cdn-f.adsmoloco.com/js/pixel/m_pixel.js, line 1: TypeError: o is undefined
Corrupt JPEG data: 1 extraneous bytes before marker 0xdb
1663290038505	geckodriver	INFO	Listening on 127.0.0.1:56114
1663290041561	mozrunner::runner	INFO	Running command: "C:\\Program Files\\Mozilla Firefox\\firefox.exe" "--marionette" "--headless" "--disable-gpu" "--disable-extensions" "--remote-debugging-port" "56115" "--remote-allow-hosts" "localhost" "-no-remote" "-profile" "C:\\Users\\tamio\\AppData\\Local\\Temp\\rust_mozprofilecuyhMS"
*** You are running in headless mode.
1663290042368	Marionette	INFO	Marionette enabled
1663290042377	Marionette	INFO	Listening on port 56128
WebDriver BiDi listening on ws://localhost:56115
Read port: 56128
1663290042525	RemoteAgent	WARN	TLS certificate errors will be ignored for this session
1663290042561	RemoteAgent	INFO	Proxy settings initialised: {"proxyType":"manual","httpProxy":"127.0.0.1:56113","sslProxy":"127.0.0.1:56113"}
[GFX1-]: RenderCompositorSWGL failed mapping default framebuffer, no dt
console.warn: SearchSettings: "get: No settings file exists, new profile?" (new NotFoundError("Could not open the file at C:\\Users\\tamio\\AppData\\Local\\Temp\\rust_mozprofilecuyhMS\\search.json.mozlz4", (void 0)))
DevTools listening on ws://localhost:56115/devtools/browser/0be3e915-cb31-4a6d-ad0a-94ecf9417480
[2022-09-16T01:00:56Z ERROR mp4parse] Found 2 nul bytes in "\0\0"
[2022-09-16T01:00:56Z ERROR mp4parse] Found 2 nul bytes in "\0\0"
[2022-09-16T01:00:56Z ERROR mp4parse] Found 2 nul bytes in "\0\0"
[2022-09-16T01:00:56Z ERROR mp4parse] Found 2 nul bytes in "\0\0"
JavaScript warning: https://pagead2.googlesyndication.com/bg/vTbTmvuxvaqY-350E8gd8IPWCIWzlft0eSoVzuBTYYo.js line 2 > eval line 5624 > eval line 1 > eval line 1 > eval, line 1: WEBGL_debug_renderer_info is deprecated in Firefox and will be removed. Please use RENDERER.
JavaScript warning: https://pagead2.googlesyndication.com/bg/vTbTmvuxvaqY-350E8gd8IPWCIWzlft0eSoVzuBTYYo.js line 2 > eval line 358 > eval line 1 > eval line 1 > eval, line 1: WEBGL_debug_renderer_info is deprecated in Firefox and will be removed. Please use RENDERER.
1663290149091	geckodriver	INFO	Listening on 127.0.0.1:56734
1663290152136	mozrunner::runner	INFO	Running command: "C:\\Program Files\\Mozilla Firefox\\firefox.exe" "--marionette" "--headless" "--disable-gpu" "--disable-extensions" "--remote-debugging-port" "56735" "--remote-allow-hosts" "localhost" "-no-remote" "-profile" "C:\\Users\\tamio\\AppData\\Local\\Temp\\rust_mozprofileXwqbWP"
*** You are running in headless mode.
1663290152599	Marionette	INFO	Marionette enabled
1663290152605	Marionette	INFO	Listening on port 56745
WebDriver BiDi listening on ws://localhost:56735
Read port: 56745
1663290152730	RemoteAgent	WARN	TLS certificate errors will be ignored for this session
1663290152765	RemoteAgent	INFO	Proxy settings initialised: {"proxyType":"manual","httpProxy":"127.0.0.1:56733","sslProxy":"127.0.0.1:56733"}
[GFX1-]: RenderCompositorSWGL failed mapping default framebuffer, no dt
console.warn: SearchSettings: "get: No settings file exists, new profile?" (new NotFoundError("Could not open the file at C:\\Users\\tamio\\AppData\\Local\\Temp\\rust_mozprofileXwqbWP\\search.json.mozlz4", (void 0)))
DevTools listening on ws://localhost:56735/devtools/browser/46f58ba7-a287-4f4d-b128-aa799c454ff9
[2022-09-16T01:02:45Z ERROR mp4parse] Found 2 nul bytes in "\0\0"
[2022-09-16T01:02:45Z ERROR mp4parse] Found 2 nul bytes in "\0\0"
[2022-09-16T01:02:45Z ERROR mp4parse] Found 2 nul bytes in "\0\0"
[2022-09-16T01:02:45Z ERROR mp4parse] Found 2 nul bytes in "\0\0"
1663292665546	geckodriver	INFO	Listening on 127.0.0.1:63453
1663292668608	mozrunner::runner	INFO	Running command: "C:\\Program Files\\Mozilla Firefox\\firefox.exe" "--marionette" "--headless" "--disable-gpu" "--disable-extensions" "--remote-debugging-port" "63454" "--remote-allow-hosts" "localhost" "-no-remote" "-profile" "C:\\Users\\tamio\\AppData\\Local\\Temp\\rust_mozprofileNM8GDu"
*** You are running in headless mode.
1663292670215	Marionette	INFO	Marionette enabled
1663292670224	Marionette	INFO	Listening on port 63470
WebDriver BiDi listening on ws://localhost:63454
Read port: 63470
1663292670487	RemoteAgent	WARN	TLS certificate errors will be ignored for this session
1663292670548	RemoteAgent	INFO	Proxy settings initialised: {"proxyType":"manual","httpProxy":"127.0.0.1:63452","sslProxy":"127.0.0.1:63452"}
[GFX1-]: RenderCompositorSWGL failed mapping default framebuffer, no dt
console.warn: SearchSettings: "get: No settings file exists, new profile?" (new NotFoundError("Could not open the file at C:\\Users\\tamio\\AppData\\Local\\Temp\\rust_mozprofileNM8GDu\\search.json.mozlz4", (void 0)))
DevTools listening on ws://localhost:63454/devtools/browser/5f7dbe6a-4695-4f6b-89a1-c3cdc74c8736
1663292697900	geckodriver	INFO	Listening on 127.0.0.1:63510
1663292700966	mozrunner::runner	INFO	Running command: "C:\\Program Files\\Mozilla Firefox\\firefox.exe" "--marionette" "--headless" "--disable-gpu" "--disable-extensions" "--remote-debugging-port" "63511" "--remote-allow-hosts" "localhost" "-no-remote" "-profile" "C:\\Users\\tamio\\AppData\\Local\\Temp\\rust_mozprofileFATXXH"
*** You are running in headless mode.
1663292702126	Marionette	INFO	Marionette enabled
1663292702142	Marionette	INFO	Listening on port 63524
WebDriver BiDi listening on ws://localhost:63511
Read port: 63524
1663292702393	RemoteAgent	WARN	TLS certificate errors will be ignored for this session
1663292702442	RemoteAgent	INFO	Proxy settings initialised: {"proxyType":"manual","httpProxy":"127.0.0.1:63509","sslProxy":"127.0.0.1:63509"}
[GFX1-]: RenderCompositorSWGL failed mapping default framebuffer, no dt
console.warn: SearchSettings: "get: No settings file exists, new profile?" (new NotFoundError("Could not open the file at C:\\Users\\tamio\\AppData\\Local\\Temp\\rust_mozprofileFATXXH\\search.json.mozlz4", (void 0)))
DevTools listening on ws://localhost:63511/devtools/browser/b776ccc6-6614-4cad-9660-1e3b407822d5
[2022-09-16T01:45:25Z ERROR mp4parse] Found 2 nul bytes in "\0\0"
[2022-09-16T01:45:25Z ERROR mp4parse] Found 2 nul bytes in "\0\0"
[2022-09-16T01:45:25Z ERROR mp4parse] Found 2 nul bytes in "\0\0"
[2022-09-16T01:45:25Z ERROR mp4parse] Found 2 nul bytes in "\0\0"
1663292843391	geckodriver	INFO	Listening on 127.0.0.1:63900
1663292846484	mozrunner::runner	INFO	Running command: "C:\\Program Files\\Mozilla Firefox\\firefox.exe" "--marionette" "--headless" "--disable-gpu" "--disable-extensions" "--remote-debugging-port" "63901" "--remote-allow-hosts" "localhost" "-no-remote" "-profile" "C:\\Users\\tamio\\AppData\\Local\\Temp\\rust_mozprofileSp4rul"
*** You are running in headless mode.
1663292848059	Marionette	INFO	Marionette enabled
1663292848069	Marionette	INFO	Listening on port 63912
WebDriver BiDi listening on ws://localhost:63901
Read port: 63912
1663292848327	RemoteAgent	WARN	TLS certificate errors will be ignored for this session
1663292848382	RemoteAgent	INFO	Proxy settings initialised: {"proxyType":"manual","httpProxy":"127.0.0.1:63899","sslProxy":"127.0.0.1:63899"}
[GFX1-]: RenderCompositorSWGL failed mapping default framebuffer, no dt
console.warn: SearchSettings: "get: No settings file exists, new profile?" (new NotFoundError("Could not open the file at C:\\Users\\tamio\\AppData\\Local\\Temp\\rust_mozprofileSp4rul\\search.json.mozlz4", (void 0)))
DevTools listening on ws://localhost:63901/devtools/browser/85b14f69-63cd-4895-957e-0c9b625d9e17
1663292973010	geckodriver	INFO	Listening on 127.0.0.1:64041
1663292976088	mozrunner::runner	INFO	Running command: "C:\\Program Files\\Mozilla Firefox\\firefox.exe" "--marionette" "--headless" "--disable-gpu" "--disable-extensions" "--remote-debugging-port" "64042" "--remote-allow-hosts" "localhost" "-no-remote" "-profile" "C:\\Users\\tamio\\AppData\\Local\\Temp\\rust_mozprofileL1F7xa"
*** You are running in headless mode.
1663292977023	Marionette	INFO	Marionette enabled
1663292977035	Marionette	INFO	Listening on port 64053
WebDriver BiDi listening on ws://localhost:64042
Read port: 64053
1663292977277	RemoteAgent	WARN	TLS certificate errors will be ignored for this session
1663292977389	RemoteAgent	INFO	Proxy settings initialised: {"proxyType":"manual","httpProxy":"127.0.0.1:64040","sslProxy":"127.0.0.1:64040"}
[GFX1-]: RenderCompositorSWGL failed mapping default framebuffer, no dt
console.warn: SearchSettings: "get: No settings file exists, new profile?" (new NotFoundError("Could not open the file at C:\\Users\\tamio\\AppData\\Local\\Temp\\rust_mozprofileL1F7xa\\search.json.mozlz4", (void 0)))
DevTools listening on ws://localhost:64042/devtools/browser/a8bd0efe-31c8-442d-8308-2af06d03d31a
[2022-09-16T01:50:00Z ERROR mp4parse] Found 2 nul bytes in "\0\0"
[2022-09-16T01:50:00Z ERROR mp4parse] Found 2 nul bytes in "\0\0"
[2022-09-16T01:50:00Z ERROR mp4parse] Found 2 nul bytes in "\0\0"
[2022-09-16T01:50:00Z ERROR mp4parse] Found 2 nul bytes in "\0\0"
JavaScript error: https://www.oit.ac.jp/js/jquery.cookie.js?201809011, line 72: ReferenceError: jQuery is not defined
JavaScript error: https://www.oit.ac.jp/js/switch.screen.js?201809011, line 2: ReferenceError: $ is not defined
JavaScript error: https://www.oit.ac.jp/js_new/modal-multi.js?201809011, line 26: ReferenceError: $ is not defined
JavaScript error: https://www.oit.ac.jp/js_new/jquery.jscrollpane.min.js?201809011, line 14: ReferenceError: jQuery is not defined
JavaScript error: https://www.oit.ac.jp/js_new/jquery.mousewheel.js?201809011, line 84: ReferenceError: jQuery is not defined
JavaScript error: https://www.oit.ac.jp/js_new/anime.js?201809011, line 4: ReferenceError: $ is not defined
JavaScript error: https://www.oit.ac.jp/, line 37: ReferenceError: $ is not defined
JavaScript error: https://www.oit.ac.jp/js_new/slider.js?201809011, line 1: ReferenceError: $ is not defined
JavaScript error: https://www.oit.ac.jp/js_new/index.js?201809011, line 5: ReferenceError: $ is not defined
JavaScript error: https://www.oit.ac.jp/js_new/jquery.matchHeight.js?201809011, line 335: ReferenceError: jQuery is not defined
JavaScript error: https://www.oit.ac.jp/js_new/snowfall.jquery.js?20200318, line 376: ReferenceError: jQuery is not defined
JavaScript error: https://www.oit.ac.jp/js_new/layerboard/jquery.layerBoard.js?20200318, line 153: ReferenceError: jQuery is not defined
JavaScript error: https://www.oit.ac.jp/, line 56: ReferenceError: $ is not defined
JavaScript error: https://www.oit.ac.jp/, line 99: ReferenceError: $ is not defined
JavaScript error: https://www.oit.ac.jp/, line 197: ReferenceError: $ is not defined
JavaScript error: https://www.oit.ac.jp/japanese/common/js_new/menu.js?201809011, line 1: ReferenceError: $ is not defined
JavaScript error: https://www.oit.ac.jp/, line 3496: ReferenceError: $ is not defined
JavaScript warning: https://pagead2.googlesyndication.com/bg/IIqf1vOd-6pW952NlRsbn4M3wW5PqZJVav1GItm6W8s.js line 2 > eval line 4873 > eval line 1 > eval line 1 > eval, line 1: WEBGL_debug_renderer_info is deprecated in Firefox and will be removed. Please use RENDERER.
JavaScript warning: https://pagead2.googlesyndication.com/bg/IIqf1vOd-6pW952NlRsbn4M3wW5PqZJVav1GItm6W8s.js line 2 > eval line 4433 > eval line 1 > eval line 1 > eval, line 1: WEBGL_debug_renderer_info is deprecated in Firefox and will be removed. Please use RENDERER.
JavaScript error: http://kaitei.net/js/home.js, line 1: ReferenceError: $ is not defined
JavaScript error: http://kaitei.net/js/navigate.js, line 2: ReferenceError: $ is not defined
